<?xml version="1.0" encoding="UTF-8"?>
<!-- Generated by org.testng.reporters.JUnitReportReporter -->
<testsuite hostname="naveen" name="com.seleniumnew.Apitestpayslips.Apigetemploy2109" tests="1" failures="0" timestamp="22 Jan 2019 07:08:08 GMT" time="32.360" errors="0">
  <testcase name="test" time="32.360" classname="com.seleniumnew.Apitestpayslips.Apigetemploy2109"/>
</testsuite> <!-- com.seleniumnew.Apitestpayslips.Apigetemploy2109 -->
