<?xml version="1.0" encoding="UTF-8"?>
<!-- Generated by org.testng.reporters.JUnitReportReporter -->
<testsuite hostname="naveen" name="com.seleniumnew.Apitestpayslips.AppTest" tests="1" failures="0" timestamp="22 Jan 2019 07:06:25 GMT" time="0.012" errors="0">
  <testcase name="testApp" time="0.012" classname="com.seleniumnew.Apitestpayslips.AppTest"/>
</testsuite> <!-- com.seleniumnew.Apitestpayslips.AppTest -->
